     1                                  ;--------------------------------------------------------------------------
     2                                  ; MODELO EXAMEN SEGUNDO PARCIAL N° 6
     3                                  ;--------------------------------------------------------------------------
     4                                  ; Calcular el promedio de los numeros enteros que sean  
     5                                  ; "pares positivos mayores de 50" que existen en un arreglo 
     6                                  ;--------------------------------------------------------------------------
     7                                  
     8                                  segment .data
     9                                  
    10 00000000 620046003900D7FF6C-     	arreglo  dw  98, 70, 57, -41, -148, 54, 3122, -1034, 462, 22
    10 00000009 FF3600320CF6FBCE01-
    10 00000012 1600               
    11 00000014 0A                      	num 	 db  10
    12                                  
    13                                  segment .bss
    14                                  
    15 00000000 ????                    	promedio  resw 1
    16                                  
    17                                  segment .text
    18                                  global main
    19                                  main:
    20                                  
    21 00000000 48B9-                   	mov rcx, arreglo
    21 00000002 [0000000000000000] 
    22 0000000A 8A1425[14000000]        	mov dl, [num]
    23 00000011 E809000000              	call calPromedio
    24 00000016 66890425[00000000]      	mov [promedio], ax
    25                                  
    26 0000001E C3                      ret
    27                                  
    28                                  ;---------------------------------------------------------------------------
    29                                  ;............Subrutinas............
    30                                  ;---------------------------------------------------------------------------
    31                                  
    32                                  calPromedio:
    33                                  	
    34 0000001F 4D31D2                  	xor r10, r10 		; indice
    35 00000022 4D31DB                  	xor r11, r11		; acumulador suma
    36 00000025 4D31E4                  	xor r12, r12		; contador
    37 00000028 4831DB                  	xor rbx, rbx
    38                                  
    39 0000002B 88D3                    	mov bl, dl
    40                                  	
    41                                  	ciclo:
    42 0000002D 66428B0411              		mov ax, [rcx+r10]
    43 00000032 6683F800                		cmp ax, 0
    44 00000036 7E1D                    		jle contCiclo 
    45                                  	
    46 00000038 6683F832                		cmp ax, 50
    47 0000003C 7E17                    		jle contCiclo
    48                                  		
    49 0000003E 6699                    		cwd
    50 00000040 6641BD0200              		mov r13w, 2
    51 00000045 6641F7FD                		idiv r13w	
    52 00000049 83FA00                  		cmp edx, 0
    53 0000004C 7402                    		je sumar
    54 0000004E EB05                    		jmp contCiclo
    55                                  		
    56                                  		sumar:
    57 00000050 6646031C11              			add r11w, [rcx+r10]
    58                                  	
    59                                  		contCiclo:
    60 00000055 4983C202                		add r10, 2
    61 00000059 49FFC4                  		inc r12
    62 0000005C 4138DC                  		cmp r12b, bl
    63                                  	
    64 0000005F 7CCC                    	jl ciclo
    65                                  	
    66 00000061 664489D8                	mov ax, r11w
    67 00000065 6699                    	cwd
    68 00000067 66F7FB                  	idiv bx
    69                                  	
    70 0000006A C3                      ret
    71                                  
    72                                  
    73                                  
    74                                  
