     1                                  ;------------------------------------------------------------------------------------
     2                                  ; MODELO EXAMEN SEGUNDO PARCIAL N° 8
     3                                  ;------------------------------------------------------------------------------------
     4                                  ; Escribir un programa para eliminar un determinado elemento de un arreglo inicial
     5                                  ;------------------------------------------------------------------------------------
     6                                  
     7                                  segment .data
     8                                  
     9 00000000 010000000200000003-     	arreglo1	dd   1, 2, 3, 4, 3, 6, 7, 8, 3, 10, 0
     9 00000009 000000040000000300-
     9 00000012 000006000000070000-
     9 0000001B 000800000003000000-
     9 00000024 0A00000000000000   
    10 0000002C 03000000                	elemento 	dd	 3
    11                                  
    12                                  segment .bss
    13                                  
    14 00000000 <res 28h>               	arreglo2   resd  10
    15                                  
    16                                  segment .text
    17                                  global main
    18                                  main:
    19                                  
    20 00000000 48B9-                   	mov rcx, arreglo1
    20 00000002 [0000000000000000] 
    21 0000000A 48BA-                   	mov rdx, arreglo2
    21 0000000C [0000000000000000] 
    22 00000014 448B0425[2C000000]      	mov r8d, [elemento]
    23 0000001C E801000000              	call eliminar
    24                                  
    25 00000021 C3                      ret
    26                                  
    27                                  ;---------------------------------------------------------------------------
    28                                  ;............Subrutinas............
    29                                  ;---------------------------------------------------------------------------
    30                                  
    31                                  eliminar:
    32                                  
    33 00000022 4831DB                  	xor rbx, rbx
    34                                  
    35 00000025 443901                  	cmp dword[rcx], r8d
    36 00000028 7406                    	je disminuir
    37 0000002A 8B19                    	mov ebx, dword[rcx]
    38 0000002C 891A                    	mov [rdx], ebx
    39 0000002E EB04                    	jmp ciclo
    40                                  	
    41                                  	disminuir: 
    42 00000030 4883EA04                		sub rdx, 4
    43                                  		
    44                                  	ciclo:
    45                                  		
    46 00000034 44394104                		cmp dword[rcx+4], r8d
    47 00000038 740A                    		je contCiclo
    48                                  		
    49 0000003A 8B5904                  		mov ebx, dword[rcx+4]
    50 0000003D 895A04                  		mov [rdx+4], ebx
    51 00000040 4883C204                		add rdx, 4
    52                                  	
    53                                  		contCiclo:
    54 00000044 4883C104                		add rcx, 4
    55 00000048 83790400                		cmp dword[rcx+4], 0
    56                                  	
    57 0000004C 75E6                    	jne ciclo
    58                                  	
    59 0000004E C3                      ret
    60                                  
    61                                  
    62                                  
    63                                  
