     1                                  
     2                                  segment .data
     3                                  
     4 00000000 626974333200            	cadena   DB   "bit32", 0
     5                                  
     6                                  segment .bss
     7                                  
     8                                  	
     9                                  
    10                                  segment .text
    11                                  global main
    12                                  
    13 00000000 68[00000000]            main:   PUSH cadena
    14 00000005 E80B000000              		CALL LL1
    15 0000000A 50                      		PUSH RAX
    16 0000000B E812000000              		CALL LL2
    17 00000010 90                      		NOP        ; --> 2da. NO OPERACION
    18 00000011 83C408                  		ADD ESP, 8
    19 00000014 C3                      		RET
    20                                  	; ------------------------------------
    21 00000015 55                      LL1:	PUSH RBP
    22 00000016 89E5                    		MOV EBP, ESP
    23 00000018 B832000000              		MOV EAX, '2'
    24 0000001D 83E00F                  		AND EAX, 0x0F
    25 00000020 5D                      		POP RBP
    26 00000021 C3                      		RET
    27                                  	; ------------------------------------
    28 00000022 55                      LL2:	PUSH RBP 
    29 00000023 89E5                    		MOV EBP, ESP
    30 00000025 678B4D08                		MOV ECX, [EBP+8]
    31 00000029 BB00000000              		MOV EBX, 0
    32 0000002E 678B550C                		MOV EDX, [EBP+12]
    33 00000032 678A1A                  LL3:	MOV BL, [EDX]
    34 00000035 80EB60                  		SUB BL, 0x60
    35 00000038 80FB09                  		CMP BL, 9
    36 0000003B 7702                    		JA LL4
    37 0000003D 01D8                    		ADD EAX, EBX
    38 0000003F FFC2                    LL4:	INC EDX
    39 00000041 E2EF                    		LOOP LL3
    40 00000043 C1E002                  		SHL EAX, 2
    41 00000046 90                      		NOP			; --> 1ra. NO OPERACION
    42 00000047 678B5D0C                		MOV EBX, [EBP+12]
    43 0000004B 678803                  		MOV [EBX], AL
    44 0000004E 5D                      		POP RBP
    45 0000004F C3                      		RET
    46                                  
    47                                  
    48                                  
