     1                                  ;--------------------------------------------------------------------------
     2                                  ; MODELO EXAMEN FINAL N° 2
     3                                  ;--------------------------------------------------------------------------
     4                                  ; Escribir un programa cuyo objetivo es calcular dado un arreglo de números, cuáles de ellos
     5                                  ; son divisibles por otro determinado número. Esta subrutina recibe los parametros que se
     6                                  ; describen a continuacion en el orden indicado:
     7                                  
     8                                  ; 1) Dirección del arreglo a procesar (referencia)
     9                                  ; 2) Dirección del nuevo arreglo que contendrá los elementos divisibles (referencia)
    10                                  ; 3) Número del cual queremos obtener los divisibles que se encuentran en el arreglo (valor)
    11                                  
    12                                  ; Ejemplo:   arreglo:    4, 7, 33, 515, 49, 63, 39, 0
    13                                  ;			 numero:     7 
    14                                  ; 			 divisibles: 7, 49, 63
    15                                  
    16                                  global main
    17                                  extern printf, scanf 
    18                                  
    19                                  segment .data
    20                                  
    21 00000000 040000000700000021-     	arreglo	 dd   4, 7, 33, 515, 49, 63, 39, 0
    21 00000009 000000030200003100-
    21 00000012 00003F000000270000-
    21 0000001B 0000000000         
    22 00000020 0A496E677265736172-     	m1    	 db   10, "Ingresar número: ", 0
    22 00000029 206EC3BA6D65726F3A-
    22 00000032 2000               
    23 00000034 0A446976697369626C-     	m2       db   10, "Divisibles: %d", 10, 0
    23 0000003D 65733A2025640A00   
    24 00000045 256400                  	fmt		 db   "%d", 0
    25                                  
    26                                  segment .bss
    27                                  
    28 00000000 ????????                	numero   resd  1
    29 00000004 <res 190h>              	divisibles  resd   100
    30                                  
    31                                  segment .text
    32                                  main:
    33                                  
    34 00000000 4883EC20                sub rsp, 0x20
    35                                  
    36 00000004 48B9-                   	mov rcx, m1
    36 00000006 [2000000000000000] 
    37 0000000E E8(00000000)            	call printf
    38                                  	
    39 00000013 48B9-                   	mov rcx, fmt
    39 00000015 [4500000000000000] 
    40 0000001D 48BA-                   	mov rdx, numero
    40 0000001F [0000000000000000] 
    41 00000027 E8(00000000)            	call scanf
    42                                  	
    43 0000002C 48B9-                   	mov rcx, arreglo
    43 0000002E [0000000000000000] 
    44 00000036 48BA-                   	mov rdx, divisibles
    44 00000038 [0400000000000000] 
    45 00000040 4C8B0425[00000000]      	mov r8, [numero]
    46 00000048 E81C000000              	call CalculaDivisibles
    47                                  	
    48 0000004D 48B9-                   	mov rcx, m2
    48 0000004F [3400000000000000] 
    49 00000057 488B1425[04000000]      	mov rdx, [divisibles]
    50 0000005F E8(00000000)            	call printf
    51                                  
    52 00000064 4883C420                add rsp, 0x20
    53                                  
    54 00000068 C3                      ret
    55                                  
    56                                  ;---------------------------------------------------------------------------
    57                                  ;............Subrutinas............
    58                                  ;---------------------------------------------------------------------------
    59                                  
    60                                  CalculaDivisibles:
    61                                  
    62 00000069 4889CB                  	mov rbx, rcx 		; direccion de arreglo en rbx
    63 0000006C 4989D2                  	mov r10, rdx		; direccion de divisibles en r10
    64 0000006F 4831C0                  	xor rax, rax
    65                                  	
    66                                  	ciclo:
    67                                  	
    68 00000072 8B03                    		mov eax, [rbx]
    69 00000074 99                      		cdq
    70 00000075 41F7F8                  		idiv r8d
    71 00000078 83FA00                  		cmp edx, 0
    72 0000007B 7507                    		jne siguiente
    73                                  		
    74 0000007D 418902                  		mov [r10], eax
    75 00000080 4983C204                		add r10, 4
    76                                  				
    77                                  		siguiente:
    78 00000084 4883C304                			add rbx, 4
    79                                  	
    80 00000088 E2E8                    	loop ciclo
    81                                  
    82 0000008A C3                      ret
    83                                  
    84                                  
    85                                  
    86                                  
    87                                  
    88                                  
    89                                  
    90                                  
    91                                  
    92                                  
    93                                  
    94                                  
    95                                  
    96                                  
    97                                  
