     1                                  ;------------------------------------------------------------------------------
     2                                  ; MODELO EXAMEN PRIMER PARCIAL - N°1
     3                                  ;------------------------------------------------------------------------------
     4                                  
     5                                  segment .data
     6                                  
     7                                  	;a	dq	153, 220000999, -499, 8883127, 50, -95, 19, 4592, 0x123456789, -801, 0
     8 00000000 6500000000000000E7-     	a	dq	101, 220000999, -312, 8883127, 50, -95, 19, 4592, 0
     8 00000009 F21C0D00000000C8FE-
     8 00000012 FFFFFFFFFFFFB78B87-
     8 0000001B 000000000032000000-
     8 00000024 00000000A1FFFFFFFF-
     8 0000002D FFFFFF130000000000-
     8 00000036 0000F0110000000000-
     8 0000003F 000000000000000000 
     9 00000048 150C000000000000        	b 	dq 	3093
    10                                  	;b 	dq	5093
    11                                  
    12                                  segment .bss
    13                                  
    14 00000000 ????????????????        	promedio 	resq	1
    15 00000008 ????????????????        	residuo		resq	1
    16                                  
    17                                  segment .text
    18                                  global main
    19                                  main:
    20                                  	
    21 00000000 4831C0                  	xor rax, rax
    22 00000003 4831DB                  	xor rbx, rbx	
    23 00000006 4831C9                  	xor rcx, rcx	;indice
    24 00000009 4D31C9                  	xor r9,  r9		;acumulador	
    25                                  	
    26                                  	ciclo:
    27 0000000C 488B1C25[48000000]      		mov rbx, [b]
    28 00000014 480FAF1CCD-             		imul rbx, [a + rcx * 8]
    28 00000019 [00000000]         
    29 0000001D 4901D9                  		add r9, rbx
    30 00000020 48FFC1                  		inc rcx
    31                                  	
    32 00000023 483B04CD[00000000]      	cmp rax, [a + rcx * 8]
    33 0000002B 75DF                    	jnz ciclo
    34                                  	
    35 0000002D 4C89C8                  	mov rax, r9
    36 00000030 4899                    	cqo
    37 00000032 48F7F9                  	idiv rcx
    38                                  	
    39 00000035 48890425[00000000]      	mov [promedio], rax
    40 0000003D 48891425[08000000]      	mov [residuo], 	rdx
    41                                  
    42 00000045 C3                      	ret
    43                                  
    44                                  
