     1                                  ;--------------------------------------------------------------------------
     2                                  ; PRACTICO PROGRAMACIÓN N° 4
     3                                  ;--------------------------------------------------------------------------
     4                                  segment .data
     5                                  
     6 00000000 0500000000000000        	a	dq	5
     7 00000008 0A00000000000000        	b	dq 	10
     8                                  	
     9                                  segment .bss
    10                                  
    11 00000000 ????????????????        	x  resq	 1
    12 00000008 ????????????????        	y  resq	 1
    13                                  
    14                                  segment .text
    15                                  global main
    16                                  main:
    17                                  
    18 00000000 488B0C25[00000000]      	mov rcx, [a]	; paso de parametro por valor
    19 00000008 E820000000              	call square
    20 0000000D 48890425[00000000]      	mov [x], rax
    21                                  	
    22 00000015 48B9-                   	mov rcx, b		; paso de parametro por referencia
    22 00000017 [0800000000000000] 
    23 0000001F E811000000              	call square2
    24 00000024 48890425[08000000]      	mov [y], rax
    25                                  	
    26 0000002C C3                      ret
    27                                  
    28                                  ;---------------------------------------------------------------------------
    29                                  ;............Subrutinas............
    30                                  ;---------------------------------------------------------------------------
    31                                  
    32                                  square:				; subrutina paso de parametro por valor
    33 0000002D 4889C8                  	mov rax, rcx
    34 00000030 480FAFC1                	imul rax, rcx
    35 00000034 C3                      ret
    36                                  
    37                                  square2:			; subrutina paso de parametro por referencia
    38 00000035 488B01                  	mov rax, [rcx]
    39 00000038 480FAFC0                	imul rax, rax
    40 0000003C C3                      ret
    41                                  
    42                                  
    43                                  
    44                                  
    45                                  
    46                                  
